build/outputs/logs/manifest-merger-debug-report.txt
-- Merging decision tree log ---
manifest
ADDED from work\NFC\AndroidManifest.xml:2:1-52:12
	package
		ADDED from work\NFC\AndroidManifest.xml:3:5-31
	android:versionName
		ADDED from work\NFC\AndroidManifest.xml:5:5-30
		INJECTED from work\NFC\AndroidManifest.xml
		INJECTED from work\NFC\AndroidManifest.xml
	android:versionCode
		ADDED from work\NFC\AndroidManifest.xml:4:5-28
		INJECTED from work\NFC\AndroidManifest.xml
		INJECTED from work\NFC\AndroidManifest.xml
	xmlns:android
		ADDED from work\NFC\AndroidManifest.xml:2:11-69
uses-sdk
ADDED from work\NFC\AndroidManifest.xml:7:5-44
	android:minSdkVersion
		ADDED from work\NFC\AndroidManifest.xml:7:15-41
uses-permission#android.permission.NFC
ADDED from work\NFC\AndroidManifest.xml:9:5-10:23
	android:name
		ADDED from work\NFC\AndroidManifest.xml:9:22-59
application
ADDED from work\NFC\AndroidManifest.xml:12:5-50:19
	android:label
		ADDED from work\NFC\AndroidManifest.xml:14:9-41
	android:icon
		ADDED from work\NFC\AndroidManifest.xml:13:9-38
activity#android.nfc.demo.MainActivity
ADDED from work\NFC\AndroidManifest.xml:15:9-49:20
	android:label
		ADDED from work\NFC\AndroidManifest.xml:17:13-45
	android:launchMode
		ADDED from work\NFC\AndroidManifest.xml:18:13-43
	android:name
		ADDED from work\NFC\AndroidManifest.xml:16:13-40
intent-filter#android.intent.action.MAIN+android.intent.category.LAUNCHER
ADDED from work\NFC\AndroidManifest.xml:19:13-23:29
action#android.intent.action.MAIN
ADDED from work\NFC\AndroidManifest.xml:20:17-69
	android:name
		ADDED from work\NFC\AndroidManifest.xml:20:25-66
category#android.intent.category.LAUNCHER
ADDED from work\NFC\AndroidManifest.xml:22:17-77
	android:name
		ADDED from work\NFC\AndroidManifest.xml:22:27-74
intent-filter#android.intent.category.DEFAULT+android.nfc.action.NDEF_DISCOVERED
ADDED from work\NFC\AndroidManifest.xml:26:13-30:29
action#android.nfc.action.NDEF_DISCOVERED
ADDED from work\NFC\AndroidManifest.xml:27:17-77
	android:name
		ADDED from work\NFC\AndroidManifest.xml:27:25-74
category#android.intent.category.DEFAULT
ADDED from work\NFC\AndroidManifest.xml:28:17-76
	android:name
		ADDED from work\NFC\AndroidManifest.xml:28:27-73
data
ADDED from work\NFC\AndroidManifest.xml:29:17-55
	android:mimeType
		ADDED from work\NFC\AndroidManifest.xml:29:23-52
intent-filter#android.nfc.action.TAG_DISCOVERED
ADDED from work\NFC\AndroidManifest.xml:39:14-41:29
action#android.nfc.action.TAG_DISCOVERED
ADDED from work\NFC\AndroidManifest.xml:40:17-76
	android:name
		ADDED from work\NFC\AndroidManifest.xml:40:25-73
intent-filter#android.nfc.action.TECH_DISCOVERED
ADDED from work\NFC\AndroidManifest.xml:43:13-45:29
action#android.nfc.action.TECH_DISCOVERED
ADDED from work\NFC\AndroidManifest.xml:44:17-77
	android:name
		ADDED from work\NFC\AndroidManifest.xml:44:25-74
meta-data#android.nfc.action.TECH_DISCOVERED
ADDED from work\NFC\AndroidManifest.xml:46:13-48:59
	android:resource
		ADDED from work\NFC\AndroidManifest.xml:48:17-56
	android:name
		ADDED from work\NFC\AndroidManifest.xml:47:17-66